Loading fashion-mnist data... done
Loading model...[19:40:15] src/nnvm/legacy_json_util.cc:209: Loading symbol saved by previous version v0.11.0. Attempting to upgrade...
[19:40:15] src/nnvm/legacy_json_util.cc:217: Symbol successfully upgraded!
==3863702== NVPROF is profiling process 3863702, command: python2 submit/submission.py
 done
New Inference
Op Time: 2.765333
Op Time: 10.826278
Correctness: 0.7955 Model: eecs498
==3863702== Profiling application: python2 submit/submission.py
==3863702== Profiling result:
            Type  Time(%)      Time     Calls       Avg       Min       Max  Name
 GPU activities:   98.99%  13.5914s         2  6.79569s  2.76521s  10.8262s  mxnet::op::forward_kernel(float*, float const *, float const *, int, int, int, int, int, int)
                    0.82%  113.16ms         8  14.146ms  1.1840us  110.91ms  [CUDA memcpy HtoD]
                    0.08%  11.129ms         2  5.5647ms  1.9222ms  9.2073ms  void mshadow::cuda::MapPlanLargeKernel<mshadow::sv::saveto, int=8, int=1024, mshadow::expr::Plan<mshadow::Tensor<mshadow::gpu, int=4, float>, float>, mshadow::expr::Plan<mshadow::expr::BinaryMapExp<mshadow::op::mul, mshadow::expr::ScalarExp<float>, mshadow::Tensor<mshadow::gpu, int=4, float>, float, int=1>, float>>(mshadow::gpu, unsigned int, mshadow::Shape<int=2>, int=4, int)
                    0.04%  5.8695ms         1  5.8695ms  5.8695ms  5.8695ms  volta_sgemm_32x32_sliced1x4_tn
                    0.04%  5.3609ms         2  2.6804ms  18.655us  5.3422ms  void op_generic_tensor_kernel<int=1, float, float, float, int=256, cudnnGenericOp_t=7, cudnnNanPropagation_t=0, int=1>(cudnnTensorStruct, float*, cudnnTensorStruct, float const *, cudnnTensorStruct, float const *, float, float, float, cudnnActivationStruct, reducedDivisorArray, int)
                    0.02%  3.3217ms         1  3.3217ms  3.3217ms  3.3217ms  void cudnn::ops::pooling_fw_4d_kernel<float, float, cudnn::maxpooling_func<float, float, cudnnNanPropagation_t=0>, cudnnPoolingMode_t=0, bool=0>(cudnnTensorStruct, float const *, cudnn::ops::pooling_fw_4d_kernel<float, float, cudnn::maxpooling_func<float, float, cudnnNanPropagation_t=0>, cudnnPoolingMode_t=0, bool=0>, cudnnTensorStruct*, cudnnPoolingStruct, float, cudnnPoolingStruct, int, cudnn::reduced_divisor, float)
                    0.00%  301.09us         1  301.09us  301.09us  301.09us  void mshadow::cuda::MapPlanLargeKernel<mshadow::sv::saveto, int=8, int=1024, mshadow::expr::Plan<mshadow::Tensor<mshadow::gpu, int=2, float>, float>, mshadow::expr::Plan<mshadow::expr::ScalarExp<float>, float>>(mshadow::gpu, unsigned int, mshadow::Shape<int=2>, int=2, int)
                    0.00%  76.385us        13  5.8750us  2.6240us  22.432us  void mshadow::cuda::MapPlanKernel<mshadow::sv::saveto, int=8, mshadow::expr::Plan<mshadow::Tensor<mshadow::gpu, int=2, float>, float>, mshadow::expr::Plan<mshadow::expr::ScalarExp<float>, float>>(mshadow::gpu, unsigned int, mshadow::Shape<int=2>, int=2)
                    0.00%  54.048us         1  54.048us  54.048us  54.048us  void mshadow::cuda::SoftmaxKernel<int=8, float, mshadow::expr::Plan<mshadow::Tensor<mshadow::gpu, int=2, float>, float>, mshadow::expr::Plan<mshadow::Tensor<mshadow::gpu, int=2, float>, float>>(mshadow::gpu, int=2, unsigned int)
                    0.00%  27.775us         8  3.4710us  3.2640us  4.1280us  [CUDA memset]
                    0.00%  21.824us         2  10.912us  3.8720us  17.952us  void mshadow::cuda::MapPlanKernel<mshadow::sv::plusto, int=8, mshadow::expr::Plan<mshadow::Tensor<mshadow::gpu, int=2, float>, float>, mshadow::expr::Plan<mshadow::expr::Broadcast1DExp<mshadow::Tensor<mshadow::gpu, int=1, float>, float, int=2, int=1>, float>>(mshadow::gpu, unsigned int, mshadow::Shape<int=2>, int=2)
                    0.00%  21.664us         1  21.664us  21.664us  21.664us  volta_sgemm_32x128_tn
                    0.00%  5.5040us         1  5.5040us  5.5040us  5.5040us  [CUDA memcpy DtoH]
                    0.00%  5.3440us         1  5.3440us  5.3440us  5.3440us  void mshadow::cuda::MapPlanKernel<mshadow::sv::saveto, int=8, mshadow::expr::Plan<mshadow::Tensor<mshadow::gpu, int=2, float>, float>, mshadow::expr::Plan<mshadow::expr::ReduceWithAxisExp<mshadow::red::maximum, mshadow::Tensor<mshadow::gpu, int=3, float>, float, int=3, bool=1, int=2>, float>>(mshadow::gpu, unsigned int, mshadow::Shape<int=2>, int=2)
      API calls:   69.02%  13.6027s         8  1.70034s  2.0420us  10.8262s  cudaDeviceSynchronize
                   20.12%  3.96609s        22  180.28ms  11.462us  3.96566s  cudaMemGetInfo
                    5.67%  1.11683s        17  65.696ms     592ns  529.24ms  cudaFree
                    3.54%  697.29ms        22  31.695ms  2.4720us  247.32ms  cudaStreamCreateWithFlags
                    1.08%  213.58ms         9  23.731ms  7.0170us  113.81ms  cudaMemcpy2DAsync
                    0.41%  79.824ms        17  4.6955ms  8.8350us  21.865ms  cuModuleUnload
                    0.06%  11.077ms        66  167.83us  2.8410us  2.4318ms  cudaMalloc
                    0.05%  9.4262ms        29  325.04us  1.8560us  5.4999ms  cudaStreamSynchronize
                    0.03%  6.2317ms         4  1.5579ms  8.5160us  6.1260ms  cudaStreamCreate
                    0.01%  1.2013ms         2  600.65us  15.008us  1.1863ms  cudaHostAlloc
                    0.01%  1.0529ms         6  175.49us  137.59us  226.62us  cudaGetDeviceProperties
                    0.00%  905.05us       493  1.8350us     131ns  93.143us  cuDeviceGetAttribute
                    0.00%  505.12us        27  18.708us  5.4690us  47.527us  cudaLaunchKernel
                    0.00%  414.88us      1500     276ns     140ns  5.5480us  cuGetProcAddress
                    0.00%  182.93us       240     762ns     429ns  4.9380us  cudaEventCreateWithFlags
                    0.00%  100.63us         8  12.578us  4.9480us  44.092us  cudaMemsetAsync
                    0.00%  89.481us        29  3.0850us     499ns  12.662us  cudaSetDevice
                    0.00%  71.908us         5  14.381us  10.265us  22.120us  cuDeviceGetName
                    0.00%  47.962us         8  5.9950us  2.5780us  26.982us  cudaStreamCreateWithPriority
                    0.00%  35.080us         3  11.693us     980ns  24.834us  cudaOccupancyMaxActiveBlocksPerMultiprocessorWithFlags
                    0.00%  33.054us        21  1.5740us     333ns  7.7040us  cudaGetDevice
                    0.00%  29.319us        70     418ns     272ns  2.7640us  cudaDeviceGetAttribute
                    0.00%  12.228us         4  3.0570us  2.3860us  3.4480us  cuInit
                    0.00%  11.449us         1  11.449us  11.449us  11.449us  cuDeviceGetPCIBusId
                    0.00%  8.1050us         6  1.3500us     793ns  3.0910us  cudaEventCreate
                    0.00%  7.4540us         2  3.7270us  2.6230us  4.8310us  cudaEventRecord
                    0.00%  6.5900us         4  1.6470us     564ns  4.3350us  cudaGetDeviceCount
                    0.00%  4.5590us        20     227ns     165ns     395ns  cudaPeekAtLastError
                    0.00%  3.6440us         4     911ns     550ns  1.6440us  cudaDeviceGetStreamPriorityRange
                    0.00%  3.3700us         2  1.6850us  1.0480us  2.3220us  cudaStreamIsCapturing
                    0.00%  3.0170us         7     431ns     211ns  1.2540us  cuDeviceGetCount
                    0.00%  3.0010us         2  1.5000us  1.0030us  1.9980us  cudaHostGetDevicePointer
                    0.00%  2.0580us         5     411ns     353ns     515ns  cudaGetLastError
                    0.00%  2.0120us         5     402ns     337ns     464ns  cuDeviceTotalMem
                    0.00%  1.7050us         6     284ns     191ns     438ns  cuDeviceGet
                    0.00%  1.5570us         2     778ns     598ns     959ns  cudaStreamGetPriority
                    0.00%  1.3170us         1  1.3170us  1.3170us  1.3170us  cudaGetSymbolAddress
                    0.00%  1.1000us         5     220ns     187ns     253ns  cuDeviceGetUuid
                    0.00%     833ns         4     208ns     183ns     242ns  cuDriverGetVersion
                    0.00%     690ns         1     690ns     690ns     690ns  cuDevicePrimaryCtxRelease
                    0.00%     667ns         2     333ns     286ns     381ns  cudaDriverGetVersion
