Loading fashion-mnist data... done
Loading model...[17:09:58] src/nnvm/legacy_json_util.cc:209: Loading symbol saved by previous version v0.11.0. Attempting to upgrade...
[17:09:58] src/nnvm/legacy_json_util.cc:217: Symbol successfully upgraded!
==57921== NVPROF is profiling process 57921, command: python2 submit/submission.py
 done
New Inference
Op Time: 1.218315
Op Time: 3.724781
Correctness: 0.7955 Model: eecs498
==57921== Profiling application: python2 submit/submission.py
==57921== Profiling result:
            Type  Time(%)      Time     Calls       Avg       Min       Max  Name
 GPU activities:   97.13%  4.94302s         2  2.47151s  1.21829s  3.72473s  mxnet::op::base(float*, float const *, float const *, int, int, int, int, int)
                    2.34%  119.28ms         8  14.910ms  1.0880us  117.16ms  [CUDA memcpy HtoD]
                    0.22%  11.239ms         2  5.6193ms  1.9126ms  9.3260ms  void mshadow::cuda::MapPlanLargeKernel<mshadow::sv::saveto, int=8, int=1024, mshadow::expr::Plan<mshadow::Tensor<mshadow::gpu, int=4, float>, float>, mshadow::expr::Plan<mshadow::expr::BinaryMapExp<mshadow::op::mul, mshadow::expr::ScalarExp<float>, mshadow::Tensor<mshadow::gpu, int=4, float>, float, int=1>, float>>(mshadow::gpu, unsigned int, mshadow::Shape<int=2>, int=4, int)
                    0.13%  6.4489ms         1  6.4489ms  6.4489ms  6.4489ms  volta_sgemm_32x32_sliced1x4_tn
                    0.10%  5.3322ms         2  2.6661ms  18.912us  5.3132ms  void op_generic_tensor_kernel<int=1, float, float, float, int=256, cudnnGenericOp_t=7, cudnnNanPropagation_t=0, int=1>(cudnnTensorStruct, float*, cudnnTensorStruct, float const *, cudnnTensorStruct, float const *, float, float, float, cudnnActivationStruct, reducedDivisorArray, int)
                    0.06%  3.2914ms         1  3.2914ms  3.2914ms  3.2914ms  void cudnn::ops::pooling_fw_4d_kernel<float, float, cudnn::maxpooling_func<float, float, cudnnNanPropagation_t=0>, cudnnPoolingMode_t=0, bool=0>(cudnnTensorStruct, float const *, cudnn::ops::pooling_fw_4d_kernel<float, float, cudnn::maxpooling_func<float, float, cudnnNanPropagation_t=0>, cudnnPoolingMode_t=0, bool=0>, cudnnTensorStruct*, cudnnPoolingStruct, float, cudnnPoolingStruct, int, cudnn::reduced_divisor, float)
                    0.01%  308.64us         1  308.64us  308.64us  308.64us  void mshadow::cuda::MapPlanLargeKernel<mshadow::sv::saveto, int=8, int=1024, mshadow::expr::Plan<mshadow::Tensor<mshadow::gpu, int=2, float>, float>, mshadow::expr::Plan<mshadow::expr::ScalarExp<float>, float>>(mshadow::gpu, unsigned int, mshadow::Shape<int=2>, int=2, int)
                    0.00%  74.847us        13  5.7570us  2.5920us  22.080us  void mshadow::cuda::MapPlanKernel<mshadow::sv::saveto, int=8, mshadow::expr::Plan<mshadow::Tensor<mshadow::gpu, int=2, float>, float>, mshadow::expr::Plan<mshadow::expr::ScalarExp<float>, float>>(mshadow::gpu, unsigned int, mshadow::Shape<int=2>, int=2)
                    0.00%  59.456us         1  59.456us  59.456us  59.456us  void mshadow::cuda::SoftmaxKernel<int=8, float, mshadow::expr::Plan<mshadow::Tensor<mshadow::gpu, int=2, float>, float>, mshadow::expr::Plan<mshadow::Tensor<mshadow::gpu, int=2, float>, float>>(mshadow::gpu, int=2, unsigned int)
                    0.00%  27.616us         8  3.4520us  3.2000us  4.0640us  [CUDA memset]
                    0.00%  23.136us         1  23.136us  23.136us  23.136us  volta_sgemm_32x128_tn
                    0.00%  22.688us         2  11.344us  4.0640us  18.624us  void mshadow::cuda::MapPlanKernel<mshadow::sv::plusto, int=8, mshadow::expr::Plan<mshadow::Tensor<mshadow::gpu, int=2, float>, float>, mshadow::expr::Plan<mshadow::expr::Broadcast1DExp<mshadow::Tensor<mshadow::gpu, int=1, float>, float, int=2, int=1>, float>>(mshadow::gpu, unsigned int, mshadow::Shape<int=2>, int=2)
                    0.00%  5.6640us         1  5.6640us  5.6640us  5.6640us  [CUDA memcpy DtoH]
                    0.00%  5.1520us         1  5.1520us  5.1520us  5.1520us  void mshadow::cuda::MapPlanKernel<mshadow::sv::saveto, int=8, mshadow::expr::Plan<mshadow::Tensor<mshadow::gpu, int=2, float>, float>, mshadow::expr::Plan<mshadow::expr::ReduceWithAxisExp<mshadow::red::maximum, mshadow::Tensor<mshadow::gpu, int=3, float>, float, int=3, bool=1, int=2>, float>>(mshadow::gpu, unsigned int, mshadow::Shape<int=2>, int=2)
      API calls:   49.87%  4.95432s         4  1.23858s  1.9173ms  3.72477s  cudaDeviceSynchronize
                   29.37%  2.91760s        22  132.62ms  10.262us  2.91724s  cudaMemGetInfo
                   10.86%  1.07929s        17  63.487ms     569ns  508.04ms  cudaFree
                    6.72%  668.05ms        22  30.366ms  2.4010us  234.64ms  cudaStreamCreateWithFlags
                    2.36%  234.78ms         9  26.087ms  5.4510us  120.16ms  cudaMemcpy2DAsync
                    0.35%  34.289ms        17  2.0170ms  4.7820us  9.1932ms  cuModuleUnload
                    0.19%  19.185ms        66  290.67us  2.4350us  9.2213ms  cudaMalloc
                    0.15%  14.639ms        29  504.78us  1.3550us  7.8294ms  cudaStreamSynchronize
                    0.09%  8.4680ms         4  2.1170ms  5.3130us  8.3933ms  cudaStreamCreate
                    0.01%  1.1399ms         2  569.96us  14.728us  1.1252ms  cudaHostAlloc
                    0.01%  942.18us         6  157.03us  134.66us  174.96us  cudaGetDeviceProperties
                    0.01%  843.27us       493  1.7100us     127ns  73.837us  cuDeviceGetAttribute
                    0.00%  368.49us        27  13.647us  3.9570us  61.010us  cudaLaunchKernel
                    0.00%  362.90us      1500     241ns     134ns  4.2270us  cuGetProcAddress
                    0.00%  178.29us       240     742ns     421ns  9.8610us  cudaEventCreateWithFlags
                    0.00%  82.919us         8  10.364us  4.4750us  34.830us  cudaMemsetAsync
                    0.00%  75.235us        29  2.5940us     431ns  8.9150us  cudaSetDevice
                    0.00%  62.171us         5  12.434us  7.5930us  22.298us  cuDeviceGetName
                    0.00%  46.653us         8  5.8310us  2.6330us  26.338us  cudaStreamCreateWithPriority
                    0.00%  28.428us        21  1.3530us     316ns  6.4100us  cudaGetDevice
                    0.00%  25.144us        70     359ns     274ns  1.4290us  cudaDeviceGetAttribute
                    0.00%  15.615us         3  5.2050us     630ns  12.426us  cudaOccupancyMaxActiveBlocksPerMultiprocessorWithFlags
                    0.00%  11.263us         4  2.8150us  2.3560us  3.0150us  cuInit
                    0.00%  9.4780us         1  9.4780us  9.4780us  9.4780us  cuDeviceGetPCIBusId
                    0.00%  7.6510us         6  1.2750us     679ns  3.1630us  cudaEventCreate
                    0.00%  6.0550us         2  3.0270us  2.2600us  3.7950us  cudaEventRecord
                    0.00%  4.4290us        20     221ns     158ns     422ns  cudaPeekAtLastError
                    0.00%  3.2090us         4     802ns     507ns  1.4940us  cudaDeviceGetStreamPriorityRange
                    0.00%  2.8210us         4     705ns     456ns  1.0410us  cudaGetDeviceCount
                    0.00%  2.7530us         2  1.3760us     881ns  1.8720us  cudaHostGetDevicePointer
                    0.00%  2.3440us         2  1.1720us     817ns  1.5270us  cudaStreamIsCapturing
                    0.00%  2.0550us         7     293ns     183ns     735ns  cuDeviceGetCount
                    0.00%  1.7940us         5     358ns     214ns     702ns  cudaGetLastError
                    0.00%  1.7080us         5     341ns     270ns     411ns  cuDeviceTotalMem
                    0.00%  1.4180us         6     236ns     152ns     507ns  cuDeviceGet
                    0.00%  1.2860us         2     643ns     564ns     722ns  cudaStreamGetPriority
                    0.00%     985ns         5     197ns     182ns     233ns  cuDeviceGetUuid
                    0.00%     943ns         1     943ns     943ns     943ns  cudaGetSymbolAddress
                    0.00%     742ns         4     185ns     172ns     200ns  cuDriverGetVersion
                    0.00%     594ns         2     297ns     295ns     299ns  cudaDriverGetVersion
                    0.00%     497ns         1     497ns     497ns     497ns  cuDevicePrimaryCtxRelease
