Loading fashion-mnist data... done
Loading model...[17:21:29] src/nnvm/legacy_json_util.cc:209: Loading symbol saved by previous version v0.11.0. Attempting to upgrade...
[17:21:29] src/nnvm/legacy_json_util.cc:217: Symbol successfully upgraded!
==64710== NVPROF is profiling process 64710, command: python2 submit/submission.py
 done
New Inference
Op Time: 1.319801
Op Time: 3.930503
Correctness: 0.7955 Model: eecs498
==64710== Profiling application: python2 submit/submission.py
==64710== Profiling result:
            Type  Time(%)      Time     Calls       Avg       Min       Max  Name
 GPU activities:   97.27%  5.25015s         2  2.62508s  1.31974s  3.93041s  mxnet::op::base(float*, float const *, float const *, int, int, int, int, int)
                    2.23%  120.64ms         8  15.079ms  1.1840us  118.51ms  [CUDA memcpy HtoD]
                    0.21%  11.219ms         2  5.6097ms  1.8973ms  9.3220ms  void mshadow::cuda::MapPlanLargeKernel<mshadow::sv::saveto, int=8, int=1024, mshadow::expr::Plan<mshadow::Tensor<mshadow::gpu, int=4, float>, float>, mshadow::expr::Plan<mshadow::expr::BinaryMapExp<mshadow::op::mul, mshadow::expr::ScalarExp<float>, mshadow::Tensor<mshadow::gpu, int=4, float>, float, int=1>, float>>(mshadow::gpu, unsigned int, mshadow::Shape<int=2>, int=4, int)
                    0.12%  6.4470ms         1  6.4470ms  6.4470ms  6.4470ms  volta_sgemm_32x32_sliced1x4_tn
                    0.10%  5.3338ms         2  2.6669ms  19.392us  5.3145ms  void op_generic_tensor_kernel<int=1, float, float, float, int=256, cudnnGenericOp_t=7, cudnnNanPropagation_t=0, int=1>(cudnnTensorStruct, float*, cudnnTensorStruct, float const *, cudnnTensorStruct, float const *, float, float, float, cudnnActivationStruct, reducedDivisorArray, int)
                    0.06%  3.2956ms         1  3.2956ms  3.2956ms  3.2956ms  void cudnn::ops::pooling_fw_4d_kernel<float, float, cudnn::maxpooling_func<float, float, cudnnNanPropagation_t=0>, cudnnPoolingMode_t=0, bool=0>(cudnnTensorStruct, float const *, cudnn::ops::pooling_fw_4d_kernel<float, float, cudnn::maxpooling_func<float, float, cudnnNanPropagation_t=0>, cudnnPoolingMode_t=0, bool=0>, cudnnTensorStruct*, cudnnPoolingStruct, float, cudnnPoolingStruct, int, cudnn::reduced_divisor, float)
                    0.01%  307.10us         1  307.10us  307.10us  307.10us  void mshadow::cuda::MapPlanLargeKernel<mshadow::sv::saveto, int=8, int=1024, mshadow::expr::Plan<mshadow::Tensor<mshadow::gpu, int=2, float>, float>, mshadow::expr::Plan<mshadow::expr::ScalarExp<float>, float>>(mshadow::gpu, unsigned int, mshadow::Shape<int=2>, int=2, int)
                    0.00%  75.967us        13  5.8430us  2.6240us  22.271us  void mshadow::cuda::MapPlanKernel<mshadow::sv::saveto, int=8, mshadow::expr::Plan<mshadow::Tensor<mshadow::gpu, int=2, float>, float>, mshadow::expr::Plan<mshadow::expr::ScalarExp<float>, float>>(mshadow::gpu, unsigned int, mshadow::Shape<int=2>, int=2)
                    0.00%  60.095us         1  60.095us  60.095us  60.095us  void mshadow::cuda::SoftmaxKernel<int=8, float, mshadow::expr::Plan<mshadow::Tensor<mshadow::gpu, int=2, float>, float>, mshadow::expr::Plan<mshadow::Tensor<mshadow::gpu, int=2, float>, float>>(mshadow::gpu, int=2, unsigned int)
                    0.00%  27.648us         8  3.4560us  3.2640us  4.2880us  [CUDA memset]
                    0.00%  23.712us         1  23.712us  23.712us  23.712us  volta_sgemm_32x128_tn
                    0.00%  22.976us         2  11.488us  4.1280us  18.848us  void mshadow::cuda::MapPlanKernel<mshadow::sv::plusto, int=8, mshadow::expr::Plan<mshadow::Tensor<mshadow::gpu, int=2, float>, float>, mshadow::expr::Plan<mshadow::expr::Broadcast1DExp<mshadow::Tensor<mshadow::gpu, int=1, float>, float, int=2, int=1>, float>>(mshadow::gpu, unsigned int, mshadow::Shape<int=2>, int=2)
                    0.00%  9.1840us         2  4.5920us  4.4800us  4.7040us  [CUDA memcpy DtoD]
                    0.00%  5.7280us         1  5.7280us  5.7280us  5.7280us  [CUDA memcpy DtoH]
                    0.00%  5.2480us         1  5.2480us  5.2480us  5.2480us  void mshadow::cuda::MapPlanKernel<mshadow::sv::saveto, int=8, mshadow::expr::Plan<mshadow::Tensor<mshadow::gpu, int=2, float>, float>, mshadow::expr::Plan<mshadow::expr::ReduceWithAxisExp<mshadow::red::maximum, mshadow::Tensor<mshadow::gpu, int=3, float>, float, int=3, bool=1, int=2>, float>>(mshadow::gpu, unsigned int, mshadow::Shape<int=2>, int=2)
      API calls:   53.73%  5.26144s         4  1.31536s  1.9011ms  3.93046s  cudaDeviceSynchronize
                   24.88%  2.43654s        22  110.75ms  11.511us  2.43612s  cudaMemGetInfo
                   11.40%  1.11576s        17  65.633ms     593ns  523.66ms  cudaFree
                    6.89%  674.46ms        22  30.657ms  2.6530us  236.54ms  cudaStreamCreateWithFlags
                    2.32%  226.68ms         9  25.186ms  7.7640us  121.58ms  cudaMemcpy2DAsync
                    0.35%  34.558ms        17  2.0328ms  7.3930us  9.7231ms  cuModuleUnload
                    0.23%  22.592ms        66  342.31us  2.6800us  12.163ms  cudaMalloc
                    0.15%  14.601ms        29  503.47us  1.6940us  7.8205ms  cudaStreamSynchronize
                    0.01%  1.1705ms         2  585.23us  14.920us  1.1555ms  cudaHostAlloc
                    0.01%  964.95us         6  160.83us  138.90us  197.21us  cudaGetDeviceProperties
                    0.01%  914.77us       493  1.8550us     129ns  86.910us  cuDeviceGetAttribute
                    0.01%  504.57us        27  18.687us  5.4650us  67.508us  cudaLaunchKernel
                    0.00%  374.62us      1500     249ns     137ns  4.2620us  cuGetProcAddress
                    0.00%  245.58us         4  61.394us  6.6410us  160.41us  cudaStreamCreate
                    0.00%  171.36us       240     713ns     417ns  6.7030us  cudaEventCreateWithFlags
                    0.00%  92.405us         8  11.550us  4.9320us  39.464us  cudaMemsetAsync
                    0.00%  82.313us        28  2.9390us     582ns  9.0180us  cudaSetDevice
                    0.00%  66.211us         5  13.242us  8.3000us  17.987us  cuDeviceGetName
                    0.00%  59.281us         2  29.640us  27.040us  32.241us  cudaMemcpyToSymbol
                    0.00%  59.204us         8  7.4000us  2.3420us  40.088us  cudaStreamCreateWithPriority
                    0.00%  35.877us        21  1.7080us     319ns  8.1090us  cudaGetDevice
                    0.00%  27.780us        70     396ns     278ns  2.1660us  cudaDeviceGetAttribute
                    0.00%  16.186us         3  5.3950us     537ns  13.058us  cudaOccupancyMaxActiveBlocksPerMultiprocessorWithFlags
                    0.00%  11.647us         4  2.9110us  2.5000us  3.1180us  cuInit
                    0.00%  10.893us         1  10.893us  10.893us  10.893us  cuDeviceGetPCIBusId
                    0.00%  8.9910us         2  4.4950us  2.6910us  6.3000us  cudaEventRecord
                    0.00%  8.2720us         6  1.3780us     761ns  3.2920us  cudaEventCreate
                    0.00%  7.7640us         4  1.9410us     548ns  4.9420us  cudaGetDeviceCount
                    0.00%  4.8990us        20     244ns     179ns     377ns  cudaPeekAtLastError
                    0.00%  3.1000us         4     775ns     506ns  1.2750us  cudaDeviceGetStreamPriorityRange
                    0.00%  2.7550us         2  1.3770us  1.0120us  1.7430us  cudaStreamIsCapturing
                    0.00%  2.6380us         2  1.3190us     827ns  1.8110us  cudaHostGetDevicePointer
                    0.00%  2.2630us         5     452ns     402ns     502ns  cuDeviceTotalMem
                    0.00%  2.2000us         7     314ns     180ns     807ns  cuDeviceGetCount
                    0.00%  1.9510us         5     390ns     275ns     498ns  cudaGetLastError
                    0.00%  1.8750us         6     312ns     158ns     529ns  cuDeviceGet
                    0.00%  1.6200us         2     810ns     572ns  1.0480us  cudaStreamGetPriority
                    0.00%  1.3140us         5     262ns     185ns     338ns  cuDeviceGetUuid
                    0.00%  1.2690us         1  1.2690us  1.2690us  1.2690us  cudaGetSymbolAddress
                    0.00%     990ns         2     495ns     381ns     609ns  cudaDriverGetVersion
                    0.00%     822ns         4     205ns     172ns     233ns  cuDriverGetVersion
                    0.00%     736ns         1     736ns     736ns     736ns  cuDevicePrimaryCtxRelease
