Loading fashion-mnist data... done
Loading model...[17:31:44] src/nnvm/legacy_json_util.cc:209: Loading symbol saved by previous version v0.11.0. Attempting to upgrade...
[17:31:44] src/nnvm/legacy_json_util.cc:217: Symbol successfully upgraded!
==2888533== NVPROF is profiling process 2888533, command: python2 submit/submission.py
 done
New Inference
Op Time: 0.038578
Op Time: 0.191215
Correctness: 0.7955 Model: eecs498
==2888533== Profiling application: python2 submit/submission.py
==2888533== Profiling result:
            Type  Time(%)      Time     Calls       Avg       Min       Max  Name
 GPU activities:   61.09%  229.75ms         2  114.87ms  38.550ms  191.20ms  mxnet::op::shared_convolution(float*, float const *, float const *, int, int, int, int, int, int)
                   31.76%  119.45ms         8  14.931ms  1.1520us  117.26ms  [CUDA memcpy HtoD]
                    2.99%  11.256ms         2  5.6279ms  1.9162ms  9.3397ms  void mshadow::cuda::MapPlanLargeKernel<mshadow::sv::saveto, int=8, int=1024, mshadow::expr::Plan<mshadow::Tensor<mshadow::gpu, int=4, float>, float>, mshadow::expr::Plan<mshadow::expr::BinaryMapExp<mshadow::op::mul, mshadow::expr::ScalarExp<float>, mshadow::Tensor<mshadow::gpu, int=4, float>, float, int=1>, float>>(mshadow::gpu, unsigned int, mshadow::Shape<int=2>, int=4, int)
                    1.72%  6.4760ms         1  6.4760ms  6.4760ms  6.4760ms  volta_sgemm_32x32_sliced1x4_tn
                    1.42%  5.3336ms         2  2.6668ms  19.104us  5.3145ms  void op_generic_tensor_kernel<int=1, float, float, float, int=256, cudnnGenericOp_t=7, cudnnNanPropagation_t=0, int=1>(cudnnTensorStruct, float*, cudnnTensorStruct, float const *, cudnnTensorStruct, float const *, float, float, float, cudnnActivationStruct, reducedDivisorArray, int)
                    0.88%  3.2958ms         1  3.2958ms  3.2958ms  3.2958ms  void cudnn::ops::pooling_fw_4d_kernel<float, float, cudnn::maxpooling_func<float, float, cudnnNanPropagation_t=0>, cudnnPoolingMode_t=0, bool=0>(cudnnTensorStruct, float const *, cudnn::ops::pooling_fw_4d_kernel<float, float, cudnn::maxpooling_func<float, float, cudnnNanPropagation_t=0>, cudnnPoolingMode_t=0, bool=0>, cudnnTensorStruct*, cudnnPoolingStruct, float, cudnnPoolingStruct, int, cudnn::reduced_divisor, float)
                    0.08%  295.10us         1  295.10us  295.10us  295.10us  void mshadow::cuda::MapPlanLargeKernel<mshadow::sv::saveto, int=8, int=1024, mshadow::expr::Plan<mshadow::Tensor<mshadow::gpu, int=2, float>, float>, mshadow::expr::Plan<mshadow::expr::ScalarExp<float>, float>>(mshadow::gpu, unsigned int, mshadow::Shape<int=2>, int=2, int)
                    0.02%  76.034us        13  5.8480us  2.5920us  22.176us  void mshadow::cuda::MapPlanKernel<mshadow::sv::saveto, int=8, mshadow::expr::Plan<mshadow::Tensor<mshadow::gpu, int=2, float>, float>, mshadow::expr::Plan<mshadow::expr::ScalarExp<float>, float>>(mshadow::gpu, unsigned int, mshadow::Shape<int=2>, int=2)
                    0.02%  60.864us         1  60.864us  60.864us  60.864us  void mshadow::cuda::SoftmaxKernel<int=8, float, mshadow::expr::Plan<mshadow::Tensor<mshadow::gpu, int=2, float>, float>, mshadow::expr::Plan<mshadow::Tensor<mshadow::gpu, int=2, float>, float>>(mshadow::gpu, int=2, unsigned int)
                    0.01%  27.808us         8  3.4760us  3.2640us  4.1280us  [CUDA memset]
                    0.01%  23.616us         1  23.616us  23.616us  23.616us  volta_sgemm_32x128_tn
                    0.01%  22.975us         2  11.487us  4.0960us  18.879us  void mshadow::cuda::MapPlanKernel<mshadow::sv::plusto, int=8, mshadow::expr::Plan<mshadow::Tensor<mshadow::gpu, int=2, float>, float>, mshadow::expr::Plan<mshadow::expr::Broadcast1DExp<mshadow::Tensor<mshadow::gpu, int=1, float>, float, int=2, int=1>, float>>(mshadow::gpu, unsigned int, mshadow::Shape<int=2>, int=2)
                    0.00%  5.6960us         1  5.6960us  5.6960us  5.6960us  [CUDA memcpy DtoH]
                    0.00%  5.1840us         1  5.1840us  5.1840us  5.1840us  void mshadow::cuda::MapPlanKernel<mshadow::sv::saveto, int=8, mshadow::expr::Plan<mshadow::Tensor<mshadow::gpu, int=2, float>, float>, mshadow::expr::Plan<mshadow::expr::ReduceWithAxisExp<mshadow::red::maximum, mshadow::Tensor<mshadow::gpu, int=3, float>, float, int=3, bool=1, int=2>, float>>(mshadow::gpu, unsigned int, mshadow::Shape<int=2>, int=2)
      API calls:   62.05%  3.76405s        22  171.09ms  10.107us  3.76373s  cudaMemGetInfo
                   17.77%  1.07772s        17  63.395ms     528ns  509.58ms  cudaFree
                   11.03%  668.90ms        22  30.404ms  2.5620us  233.74ms  cudaStreamCreateWithFlags
                    3.97%  241.03ms         8  30.128ms  1.8530us  191.20ms  cudaDeviceSynchronize
                    3.77%  228.58ms         9  25.398ms  5.3590us  120.34ms  cudaMemcpy2DAsync
                    0.56%  33.786ms        17  1.9874ms  7.1500us  9.1092ms  cuModuleUnload
                    0.36%  21.955ms        66  332.66us  2.3750us  12.105ms  cudaMalloc
                    0.24%  14.751ms        29  508.64us  1.2760us  7.8681ms  cudaStreamSynchronize
                    0.18%  11.157ms         4  2.7893ms  5.8390us  11.074ms  cudaStreamCreate
                    0.02%  1.1504ms         2  575.18us  14.152us  1.1362ms  cudaHostAlloc
                    0.01%  904.88us         6  150.81us  135.15us  170.17us  cudaGetDeviceProperties
                    0.01%  863.69us       493  1.7510us     131ns  83.526us  cuDeviceGetAttribute
                    0.01%  382.45us      1500     254ns     133ns  5.1940us  cuGetProcAddress
                    0.00%  287.51us        27  10.648us  3.9950us  24.008us  cudaLaunchKernel
                    0.00%  147.75us       240     615ns     418ns  3.4130us  cudaEventCreateWithFlags
                    0.00%  79.280us         8  9.9100us  4.1440us  30.482us  cudaMemsetAsync
                    0.00%  64.059us        28  2.2870us     486ns  8.4980us  cudaSetDevice
                    0.00%  56.753us         5  11.350us  7.5140us  15.944us  cuDeviceGetName
                    0.00%  44.940us         8  5.6170us  2.4450us  26.128us  cudaStreamCreateWithPriority
                    0.00%  30.317us        21  1.4430us     318ns  6.2000us  cudaGetDevice
                    0.00%  27.394us        70     391ns     270ns  1.8430us  cudaDeviceGetAttribute
                    0.00%  17.127us         2  8.5630us  2.2330us  14.894us  cudaEventRecord
                    0.00%  12.089us         4  3.0220us  2.4830us  3.2880us  cuInit
                    0.00%  9.6730us         6  1.6120us     632ns  3.0010us  cudaEventCreate
                    0.00%  9.1040us         4  2.2760us     479ns  6.8690us  cudaGetDeviceCount
                    0.00%  8.9710us         3  2.9900us     624ns  5.2970us  cudaOccupancyMaxActiveBlocksPerMultiprocessorWithFlags
                    0.00%  8.5840us         1  8.5840us  8.5840us  8.5840us  cuDeviceGetPCIBusId
                    0.00%  3.9080us        20     195ns     151ns     406ns  cudaPeekAtLastError
                    0.00%  3.6770us         4     919ns     524ns  1.6170us  cudaDeviceGetStreamPriorityRange
                    0.00%  2.9610us         2  1.4800us     859ns  2.1020us  cudaStreamIsCapturing
                    0.00%  2.8560us         2  1.4280us     939ns  1.9170us  cudaHostGetDevicePointer
                    0.00%  2.5120us         5     502ns     361ns     616ns  cuDeviceTotalMem
                    0.00%  2.4650us         7     352ns     180ns     691ns  cuDeviceGetCount
                    0.00%  1.7010us         5     340ns     261ns     439ns  cudaGetLastError
                    0.00%  1.5340us         6     255ns     172ns     477ns  cuDeviceGet
                    0.00%  1.4850us         5     297ns     218ns     334ns  cuDeviceGetUuid
                    0.00%  1.3930us         2     696ns     522ns     871ns  cudaStreamGetPriority
                    0.00%     864ns         1     864ns     864ns     864ns  cudaGetSymbolAddress
                    0.00%     823ns         4     205ns     185ns     229ns  cuDriverGetVersion
                    0.00%     679ns         2     339ns     260ns     419ns  cudaDriverGetVersion
                    0.00%     596ns         1     596ns     596ns     596ns  cuDevicePrimaryCtxRelease
