Loading fashion-mnist data... done
Loading model...[17:52:59] src/nnvm/legacy_json_util.cc:209: Loading symbol saved by previous version v0.11.0. Attempting to upgrade...
[17:52:59] src/nnvm/legacy_json_util.cc:217: Symbol successfully upgraded!
==1440651== NVPROF is profiling process 1440651, command: python2 submit/submission.py
 done
New Inference
Op Time: 0.025007
Op Time: 0.084191
Correctness: 0.7955 Model: eecs498
==1440651== Profiling application: python2 submit/submission.py
==1440651== Profiling result:
            Type  Time(%)      Time     Calls       Avg       Min       Max  Name
 GPU activities:   46.55%  118.31ms         8  14.789ms  1.1200us  116.20ms  [CUDA memcpy HtoD]
                   42.92%  109.10ms         2  54.550ms  24.946ms  84.153ms  mxnet::op::parallel_output(float*, float const *, float const *, int, int, int, int, int, int, int)
                    4.38%  11.144ms         2  5.5719ms  1.8891ms  9.2547ms  void mshadow::cuda::MapPlanLargeKernel<mshadow::sv::saveto, int=8, int=1024, mshadow::expr::Plan<mshadow::Tensor<mshadow::gpu, int=4, float>, float>, mshadow::expr::Plan<mshadow::expr::BinaryMapExp<mshadow::op::mul, mshadow::expr::ScalarExp<float>, mshadow::Tensor<mshadow::gpu, int=4, float>, float, int=1>, float>>(mshadow::gpu, unsigned int, mshadow::Shape<int=2>, int=4, int)
                    2.54%  6.4585ms         1  6.4585ms  6.4585ms  6.4585ms  volta_sgemm_32x32_sliced1x4_tn
                    2.10%  5.3350ms         2  2.6675ms  19.552us  5.3154ms  void op_generic_tensor_kernel<int=1, float, float, float, int=256, cudnnGenericOp_t=7, cudnnNanPropagation_t=0, int=1>(cudnnTensorStruct, float*, cudnnTensorStruct, float const *, cudnnTensorStruct, float const *, float, float, float, cudnnActivationStruct, reducedDivisorArray, int)
                    1.30%  3.2956ms         1  3.2956ms  3.2956ms  3.2956ms  void cudnn::ops::pooling_fw_4d_kernel<float, float, cudnn::maxpooling_func<float, float, cudnnNanPropagation_t=0>, cudnnPoolingMode_t=0, bool=0>(cudnnTensorStruct, float const *, cudnn::ops::pooling_fw_4d_kernel<float, float, cudnn::maxpooling_func<float, float, cudnnNanPropagation_t=0>, cudnnPoolingMode_t=0, bool=0>, cudnnTensorStruct*, cudnnPoolingStruct, float, cudnnPoolingStruct, int, cudnn::reduced_divisor, float)
                    0.12%  307.39us         1  307.39us  307.39us  307.39us  void mshadow::cuda::MapPlanLargeKernel<mshadow::sv::saveto, int=8, int=1024, mshadow::expr::Plan<mshadow::Tensor<mshadow::gpu, int=2, float>, float>, mshadow::expr::Plan<mshadow::expr::ScalarExp<float>, float>>(mshadow::gpu, unsigned int, mshadow::Shape<int=2>, int=2, int)
                    0.03%  75.389us        13  5.7990us  2.5590us  22.400us  void mshadow::cuda::MapPlanKernel<mshadow::sv::saveto, int=8, mshadow::expr::Plan<mshadow::Tensor<mshadow::gpu, int=2, float>, float>, mshadow::expr::Plan<mshadow::expr::ScalarExp<float>, float>>(mshadow::gpu, unsigned int, mshadow::Shape<int=2>, int=2)
                    0.02%  59.584us         1  59.584us  59.584us  59.584us  void mshadow::cuda::SoftmaxKernel<int=8, float, mshadow::expr::Plan<mshadow::Tensor<mshadow::gpu, int=2, float>, float>, mshadow::expr::Plan<mshadow::Tensor<mshadow::gpu, int=2, float>, float>>(mshadow::gpu, int=2, unsigned int)
                    0.01%  27.393us         8  3.4240us  3.2320us  4.0650us  [CUDA memset]
                    0.01%  23.135us         1  23.135us  23.135us  23.135us  volta_sgemm_32x128_tn
                    0.01%  22.752us         2  11.376us  4.0960us  18.656us  void mshadow::cuda::MapPlanKernel<mshadow::sv::plusto, int=8, mshadow::expr::Plan<mshadow::Tensor<mshadow::gpu, int=2, float>, float>, mshadow::expr::Plan<mshadow::expr::Broadcast1DExp<mshadow::Tensor<mshadow::gpu, int=1, float>, float, int=2, int=1>, float>>(mshadow::gpu, unsigned int, mshadow::Shape<int=2>, int=2)
                    0.00%  7.9360us         2  3.9680us  3.9360us  4.0000us  [CUDA memcpy DtoD]
                    0.00%  5.7280us         1  5.7280us  5.7280us  5.7280us  void mshadow::cuda::MapPlanKernel<mshadow::sv::saveto, int=8, mshadow::expr::Plan<mshadow::Tensor<mshadow::gpu, int=2, float>, float>, mshadow::expr::Plan<mshadow::expr::ReduceWithAxisExp<mshadow::red::maximum, mshadow::Tensor<mshadow::gpu, int=3, float>, float, int=3, bool=1, int=2>, float>>(mshadow::gpu, unsigned int, mshadow::Shape<int=2>, int=2)
                    0.00%  5.6960us         1  5.6960us  5.6960us  5.6960us  [CUDA memcpy DtoH]
      API calls:   57.44%  2.93878s        22  133.58ms  9.9170us  2.93847s  cudaMemGetInfo
                   21.45%  1.09721s        17  64.542ms     585ns  513.95ms  cudaFree
                   13.09%  669.93ms        22  30.451ms  2.4070us  238.05ms  cudaStreamCreateWithFlags
                    4.41%  225.77ms         9  25.086ms  4.8410us  119.23ms  cudaMemcpy2DAsync
                    2.35%  120.27ms         8  15.034ms  1.8270us  84.157ms  cudaDeviceSynchronize
                    0.68%  34.651ms        17  2.0383ms  6.2430us  10.079ms  cuModuleUnload
                    0.29%  14.745ms        29  508.46us  1.4610us  7.8553ms  cudaStreamSynchronize
                    0.20%  10.152ms        66  153.82us  2.6560us  2.1740ms  cudaMalloc
                    0.02%  1.1482ms         2  574.09us  16.314us  1.1319ms  cudaHostAlloc
                    0.02%  906.69us         6  151.12us  135.11us  169.29us  cudaGetDeviceProperties
                    0.02%  842.46us       493  1.7080us     128ns  73.318us  cuDeviceGetAttribute
                    0.01%  439.27us         4  109.82us  5.4640us  363.05us  cudaStreamCreate
                    0.01%  371.05us      1500     247ns     139ns  5.0120us  cuGetProcAddress
                    0.01%  270.65us        27  10.023us  3.9050us  27.494us  cudaLaunchKernel
                    0.00%  166.72us       240     694ns     418ns  9.5460us  cudaEventCreateWithFlags
                    0.00%  72.381us         8  9.0470us  4.5440us  25.723us  cudaMemsetAsync
                    0.00%  59.856us        28  2.1370us     477ns  7.6640us  cudaSetDevice
                    0.00%  57.474us         5  11.494us  8.7290us  15.838us  cuDeviceGetName
                    0.00%  46.660us         2  23.330us  17.060us  29.600us  cudaMemcpyToSymbol
                    0.00%  44.557us         8  5.5690us  2.4130us  26.168us  cudaStreamCreateWithPriority
                    0.00%  26.483us        21  1.2610us     302ns  5.0970us  cudaGetDevice
                    0.00%  26.066us        70     372ns     269ns  1.6890us  cudaDeviceGetAttribute
                    0.00%  15.453us         2  7.7260us  2.2750us  13.178us  cudaEventRecord
                    0.00%  11.111us         4  2.7770us  2.3770us  3.1220us  cuInit
                    0.00%  8.4130us         1  8.4130us  8.4130us  8.4130us  cuDeviceGetPCIBusId
                    0.00%  7.9880us         6  1.3310us     706ns  3.1460us  cudaEventCreate
                    0.00%  7.4930us         4  1.8730us     358ns  5.7240us  cudaGetDeviceCount
                    0.00%  7.3990us         3  2.4660us     572ns  4.4450us  cudaOccupancyMaxActiveBlocksPerMultiprocessorWithFlags
                    0.00%  3.8080us        20     190ns     144ns     347ns  cudaPeekAtLastError
                    0.00%  2.9560us         4     739ns     541ns  1.1440us  cudaDeviceGetStreamPriorityRange
                    0.00%  2.8890us         7     412ns     223ns  1.2940us  cuDeviceGetCount
                    0.00%  2.5540us         2  1.2770us     844ns  1.7100us  cudaHostGetDevicePointer
                    0.00%  2.3060us         2  1.1530us     912ns  1.3940us  cudaStreamIsCapturing
                    0.00%  1.9730us         5     394ns     343ns     452ns  cuDeviceTotalMem
                    0.00%  1.4950us         6     249ns     162ns     565ns  cuDeviceGet
                    0.00%  1.4880us         5     297ns     243ns     380ns  cudaGetLastError
                    0.00%  1.2820us         2     641ns     590ns     692ns  cudaStreamGetPriority
                    0.00%  1.2110us         5     242ns     210ns     284ns  cuDeviceGetUuid
                    0.00%  1.1310us         1  1.1310us  1.1310us  1.1310us  cudaGetSymbolAddress
                    0.00%     820ns         4     205ns     184ns     223ns  cuDriverGetVersion
                    0.00%     661ns         1     661ns     661ns     661ns  cuDevicePrimaryCtxRelease
                    0.00%     569ns         2     284ns     282ns     287ns  cudaDriverGetVersion
